<?xml version="1.0" encoding="UTF-8"?>
<!-- Generated by org.testng.reporters.JUnitReportReporter -->
<testsuite hostname="xingzhifangdeMacBook-Pro.local" name="macaca.client.IosSampleTest" tests="1" failures="1" timestamp="26 Jun 2017 03:02:47 GMT" time="30.832" errors="0">
  <testcase name="test_case_1" time="30.832" classname="macaca.client.IosSampleTest">
    <failure type="com.alibaba.fastjson.JSONException" message="syntax error, pos 1, json : Internal Server Error">
      <![CDATA[com.alibaba.fastjson.JSONException: syntax error, pos 1, json : Internal Server Error
	at com.alibaba.fastjson.parser.DefaultJSONParser.parse(DefaultJSONParser.java:1361)
	at com.alibaba.fastjson.parser.DefaultJSONParser.parse(DefaultJSONParser.java:1268)
	at com.alibaba.fastjson.JSON.parse(JSON.java:137)
	at com.alibaba.fastjson.JSON.parse(JSON.java:128)
	at com.alibaba.fastjson.JSON.parseObject(JSON.java:201)
	at macaca.client.common.Utils.getRequest(Utils.java:77)
	at macaca.client.common.Utils.request(Utils.java:155)
	at macaca.client.commands.Context.getContexts(Context.java:27)
	at macaca.client.MacacaClient.contexts(MacacaClient.java:138)
	at macaca.client.IosSampleTest.switchToWebView(IosSampleTest.java:150)
	at macaca.client.IosSampleTest.test_case_1(IosSampleTest.java:102)
	at sun.reflect.NativeMethodAccessorImpl.invoke0(Native Method)
	at sun.reflect.NativeMethodAccessorImpl.invoke(NativeMethodAccessorImpl.java:62)
	at sun.reflect.DelegatingMethodAccessorImpl.invoke(DelegatingMethodAccessorImpl.java:43)
	at java.lang.reflect.Method.invoke(Method.java:498)
	at org.testng.internal.MethodInvocationHelper.invokeMethod(MethodInvocationHelper.java:84)
	at org.testng.internal.Invoker.invokeMethod(Invoker.java:714)
	at org.testng.internal.Invoker.invokeTestMethod(Invoker.java:901)
	at org.testng.internal.Invoker.invokeTestMethods(Invoker.java:1231)
	at org.testng.internal.TestMethodWorker.invokeTestMethods(TestMethodWorker.java:127)
	at org.testng.internal.TestMethodWorker.run(TestMethodWorker.java:111)
	at org.testng.TestRunner.privateRun(TestRunner.java:767)
	at org.testng.TestRunner.run(TestRunner.java:617)
	at org.testng.SuiteRunner.runTest(SuiteRunner.java:335)
	at org.testng.SuiteRunner.runSequentially(SuiteRunner.java:330)
	at org.testng.SuiteRunner.privateRun(SuiteRunner.java:291)
	at org.testng.SuiteRunner.run(SuiteRunner.java:240)
	at org.testng.SuiteRunnerWorker.runSuite(SuiteRunnerWorker.java:52)
	at org.testng.SuiteRunnerWorker.run(SuiteRunnerWorker.java:86)
	at org.testng.TestNG.runSuitesSequentially(TestNG.java:1224)
	at org.testng.TestNG.runSuitesLocally(TestNG.java:1149)
	at org.testng.TestNG.run(TestNG.java:1057)
	at org.testng.remote.RemoteTestNG.run(RemoteTestNG.java:111)
	at org.testng.remote.RemoteTestNG.initAndRun(RemoteTestNG.java:204)
	at org.testng.remote.RemoteTestNG.main(RemoteTestNG.java:175)
]]>
    </failure>
  </testcase> <!-- test_case_1 -->
</testsuite> <!-- macaca.client.IosSampleTest -->
